<?xml version="1.0" encoding="UTF-8"?>
<testng-results ignored="0" total="1" passed="1" failed="0" skipped="0">
  <reporter-output>
  </reporter-output>
  <suite started-at="2023-02-07T13:42:28 SAST" name="Command line suite" finished-at="2023-02-07T13:43:29 SAST" duration-ms="61427">
    <groups>
    </groups>
    <test started-at="2023-02-07T13:42:28 SAST" name="Command line test" finished-at="2023-02-07T13:43:29 SAST" duration-ms="61427">
      <class name="ilabassessment.TestClass">
        <test-method signature="fillForm()[pri:0, instance:ilabassessment.TestClass@1bc49bc5]" started-at="2023-02-07T13:42:28 SAST" name="fillForm" finished-at="2023-02-07T13:43:29 SAST" duration-ms="61141" status="PASS">
          <reporter-output>
          </reporter-output>
        </test-method> <!-- fillForm -->
        <test-method is-config="true" signature="teardown()[pri:0, instance:ilabassessment.TestClass@1bc49bc5]" started-at="2023-02-07T13:43:29 SAST" name="teardown" finished-at="2023-02-07T13:43:29 SAST" duration-ms="249" status="PASS">
          <reporter-output>
          </reporter-output>
        </test-method> <!-- teardown -->
      </class> <!-- ilabassessment.TestClass -->
    </test> <!-- Command line test -->
  </suite> <!-- Command line suite -->
</testng-results>
